app/build/intermediates/manifest_merge_blame_file/bazaarDebug/manifest-merger-blame-bazaar-debug-report.txt
1<?xml version="1.0" encoding="utf-8"?>
2<manifest xmlns:android="http://schemas.android.com/apk/res/android"
3    package="com.ms.playstop"
4    android:versionCode="1"
5    android:versionName="1.0.0" >
6
7    <uses-sdk
8        android:minSdkVersion="17"
8-->src/main/AndroidManifest.xml
9        android:targetSdkVersion="29" />
9-->src/main/AndroidManifest.xml
10
11    <uses-permission android:name="android.permission.INTERNET" />
11-->src/main/AndroidManifest.xml:5:5-67
11-->src/main/AndroidManifest.xml:5:22-64
12    <uses-permission android:name="android.permission.ACCESS_NETWORK_STATE" />
12-->[com.google.android.gms:play-services-measurement:17.4.4] AndroidManifest.xml:24:5-79
12-->[com.google.android.gms:play-services-measurement:17.4.4] AndroidManifest.xml:24:22-76
13    <uses-permission android:name="android.permission.WAKE_LOCK" />
13-->[com.google.android.gms:play-services-measurement:17.4.4] AndroidManifest.xml:25:5-68
13-->[com.google.android.gms:play-services-measurement:17.4.4] AndroidManifest.xml:25:22-65
14    <uses-permission android:name="com.google.android.finsky.permission.BIND_GET_INSTALL_REFERRER_SERVICE" /> <!-- Required by older versions of Google Play services to create IID tokens -->
14-->[com.google.android.gms:play-services-measurement:17.4.4] AndroidManifest.xml:26:5-110
14-->[com.google.android.gms:play-services-measurement:17.4.4] AndroidManifest.xml:26:22-107
15    <uses-permission android:name="com.google.android.c2dm.permission.RECEIVE" /> <!-- Permission will be merged into the manifest of the hosting app. -->
15-->[com.google.firebase:firebase-iid:20.2.3] AndroidManifest.xml:26:5-82
15-->[com.google.firebase:firebase-iid:20.2.3] AndroidManifest.xml:26:22-79
16    <!-- Is required to launch foreground extraction service for targetSdkVersion 28+. -->
17    <uses-permission android:name="android.permission.FOREGROUND_SERVICE" />
17-->[com.google.android.play:core:1.7.2] AndroidManifest.xml:8:3-74
17-->[com.google.android.play:core:1.7.2] AndroidManifest.xml:8:20-72
18
19    <application
19-->src/main/AndroidManifest.xml:7:5-47:19
20        android:name="com.ms.playstop.App"
20-->src/main/AndroidManifest.xml:11:9-28
21        android:allowBackup="true"
21-->src/main/AndroidManifest.xml:8:9-35
22        android:appComponentFactory="androidx.core.app.CoreComponentFactory"
22-->[androidx.core:core:1.3.1] AndroidManifest.xml:24:18-86
23        android:debuggable="true"
24        android:icon="@drawable/ic_launcher"
24-->src/main/AndroidManifest.xml:9:9-45
25        android:label="@string/app_name"
25-->src/main/AndroidManifest.xml:10:9-41
26        android:roundIcon="@drawable/ic_launcher"
26-->src/main/AndroidManifest.xml:12:9-50
27        android:supportsRtl="true"
27-->src/main/AndroidManifest.xml:13:9-35
28        android:testOnly="true"
29        android:theme="@style/AppTheme"
29-->src/main/AndroidManifest.xml:14:9-40
30        android:usesCleartextTraffic="true" >
30-->src/main/AndroidManifest.xml:15:9-44
31        <activity
31-->src/main/AndroidManifest.xml:17:9-27:20
32            android:name="com.ms.playstop.MainActivity"
32-->src/main/AndroidManifest.xml:17:19-47
33            android:label="@string/app_name"
33-->src/main/AndroidManifest.xml:18:13-45
34            android:screenOrientation="portrait"
34-->src/main/AndroidManifest.xml:19:13-49
35            android:theme="@style/AppTheme.NoActionBar"
35-->src/main/AndroidManifest.xml:20:13-56
36            android:windowSoftInputMode="adjustResize" >
36-->src/main/AndroidManifest.xml:21:13-55
37            <intent-filter>
37-->src/main/AndroidManifest.xml:22:13-26:29
38                <action android:name="android.intent.action.MAIN" />
38-->src/main/AndroidManifest.xml:23:17-69
38-->src/main/AndroidManifest.xml:23:25-66
39
40                <category android:name="android.intent.category.LAUNCHER" />
40-->src/main/AndroidManifest.xml:25:17-77
40-->src/main/AndroidManifest.xml:25:27-74
41            </intent-filter>
42        </activity>
43
44        <!-- <service -->
45        <!-- android:name=".MyFirebaseMessagingService" -->
46        <!-- android:exported="false"> -->
47        <!-- <intent-filter> -->
48        <!-- <action android:name="com.google.firebase.MESSAGING_EVENT" /> -->
49        <!-- </intent-filter> -->
50        <!-- </service> -->
51
52        <meta-data
52-->src/main/AndroidManifest.xml:37:9-39:56
53            android:name="com.google.firebase.messaging.default_notification_icon"
53-->src/main/AndroidManifest.xml:38:13-83
54            android:resource="@drawable/ic_launcher" />
54-->src/main/AndroidManifest.xml:39:13-53
55        <meta-data
55-->src/main/AndroidManifest.xml:40:9-42:53
56            android:name="com.google.firebase.messaging.default_notification_color"
56-->src/main/AndroidManifest.xml:41:13-84
57            android:resource="@color/colorAccent" />
57-->src/main/AndroidManifest.xml:42:13-50
58        <meta-data
58-->src/main/AndroidManifest.xml:43:9-45:71
59            android:name="com.google.firebase.messaging.default_notification_channel_id"
59-->src/main/AndroidManifest.xml:44:13-89
60            android:value="@string/default_notification_channel_id" />
60-->src/main/AndroidManifest.xml:45:13-68
61
62        <service
62-->[com.google.firebase:firebase-crashlytics:17.1.1] AndroidManifest.xml:13:9-19:19
63            android:name="com.google.firebase.components.ComponentDiscoveryService"
63-->[com.google.firebase:firebase-crashlytics:17.1.1] AndroidManifest.xml:14:13-84
64            android:directBootAware="true"
64-->[com.google.firebase:firebase-common:19.3.0] AndroidManifest.xml:34:13-43
65            android:exported="false" >
65-->[com.google.firebase:firebase-crashlytics:17.1.1] AndroidManifest.xml:15:13-37
66            <meta-data
66-->[com.google.firebase:firebase-crashlytics:17.1.1] AndroidManifest.xml:16:13-18:85
67                android:name="com.google.firebase.components:com.google.firebase.crashlytics.CrashlyticsRegistrar"
67-->[com.google.firebase:firebase-crashlytics:17.1.1] AndroidManifest.xml:17:17-115
68                android:value="com.google.firebase.components.ComponentRegistrar" />
68-->[com.google.firebase:firebase-crashlytics:17.1.1] AndroidManifest.xml:18:17-82
69            <meta-data
69-->[com.google.firebase:firebase-messaging:20.2.3] AndroidManifest.xml:39:13-41:85
70                android:name="com.google.firebase.components:com.google.firebase.messaging.FirebaseMessagingRegistrar"
70-->[com.google.firebase:firebase-messaging:20.2.3] AndroidManifest.xml:40:17-119
71                android:value="com.google.firebase.components.ComponentRegistrar" />
71-->[com.google.firebase:firebase-messaging:20.2.3] AndroidManifest.xml:41:17-82
72            <meta-data
72-->[com.google.firebase:firebase-iid:20.2.3] AndroidManifest.xml:32:13-34:85
73                android:name="com.google.firebase.components:com.google.firebase.iid.Registrar"
73-->[com.google.firebase:firebase-iid:20.2.3] AndroidManifest.xml:33:17-96
74                android:value="com.google.firebase.components.ComponentRegistrar" />
74-->[com.google.firebase:firebase-iid:20.2.3] AndroidManifest.xml:34:17-82
75            <meta-data
75-->[com.google.android.gms:play-services-measurement-api:17.4.4] AndroidManifest.xml:30:13-32:85
76                android:name="com.google.firebase.components:com.google.firebase.analytics.connector.internal.AnalyticsConnectorRegistrar"
76-->[com.google.android.gms:play-services-measurement-api:17.4.4] AndroidManifest.xml:31:17-139
77                android:value="com.google.firebase.components.ComponentRegistrar" />
77-->[com.google.android.gms:play-services-measurement-api:17.4.4] AndroidManifest.xml:32:17-82
78            <meta-data
78-->[com.google.firebase:firebase-datatransport:17.0.3] AndroidManifest.xml:28:13-30:85
79                android:name="com.google.firebase.components:com.google.firebase.datatransport.TransportRegistrar"
79-->[com.google.firebase:firebase-datatransport:17.0.3] AndroidManifest.xml:29:17-115
80                android:value="com.google.firebase.components.ComponentRegistrar" />
80-->[com.google.firebase:firebase-datatransport:17.0.3] AndroidManifest.xml:30:17-82
81            <meta-data
81-->[com.google.firebase:firebase-installations:16.3.2] AndroidManifest.xml:17:13-19:85
82                android:name="com.google.firebase.components:com.google.firebase.installations.FirebaseInstallationsRegistrar"
82-->[com.google.firebase:firebase-installations:16.3.2] AndroidManifest.xml:18:17-127
83                android:value="com.google.firebase.components.ComponentRegistrar" />
83-->[com.google.firebase:firebase-installations:16.3.2] AndroidManifest.xml:19:17-82
84        </service>
85        <service
85-->[androidx.room:room-runtime:2.2.5] AndroidManifest.xml:25:9-28:40
86            android:name="androidx.room.MultiInstanceInvalidationService"
86-->[androidx.room:room-runtime:2.2.5] AndroidManifest.xml:26:13-74
87            android:directBootAware="true"
87-->[androidx.room:room-runtime:2.2.5] AndroidManifest.xml:27:13-43
88            android:exported="false" />
88-->[androidx.room:room-runtime:2.2.5] AndroidManifest.xml:28:13-37
89        <!--
90             FirebaseMessagingService performs security checks at runtime,
91             but set to not exported to explicitly avoid allowing another app to call it.
92        -->
93        <service
93-->[com.google.firebase:firebase-messaging:20.2.3] AndroidManifest.xml:28:9-35:19
94            android:name="com.google.firebase.messaging.FirebaseMessagingService"
94-->[com.google.firebase:firebase-messaging:20.2.3] AndroidManifest.xml:29:13-82
95            android:directBootAware="true"
95-->[com.google.firebase:firebase-messaging:20.2.3] AndroidManifest.xml:30:13-43
96            android:exported="false" >
96-->[com.google.firebase:firebase-messaging:20.2.3] AndroidManifest.xml:31:13-37
97            <intent-filter android:priority="-500" >
97-->[com.google.firebase:firebase-messaging:20.2.3] AndroidManifest.xml:32:13-34:29
97-->[com.google.firebase:firebase-messaging:20.2.3] AndroidManifest.xml:32:28-51
98                <action android:name="com.google.firebase.MESSAGING_EVENT" />
98-->[com.google.firebase:firebase-messaging:20.2.3] AndroidManifest.xml:33:17-78
98-->[com.google.firebase:firebase-messaging:20.2.3] AndroidManifest.xml:33:25-75
99            </intent-filter>
100        </service>
101
102        <receiver
102-->[com.google.android.gms:play-services-measurement:17.4.4] AndroidManifest.xml:29:9-33:20
103            android:name="com.google.android.gms.measurement.AppMeasurementReceiver"
103-->[com.google.android.gms:play-services-measurement:17.4.4] AndroidManifest.xml:30:13-85
104            android:enabled="true"
104-->[com.google.android.gms:play-services-measurement:17.4.4] AndroidManifest.xml:31:13-35
105            android:exported="false" >
105-->[com.google.android.gms:play-services-measurement:17.4.4] AndroidManifest.xml:32:13-37
106        </receiver>
107
108        <service
108-->[com.google.android.gms:play-services-measurement:17.4.4] AndroidManifest.xml:35:9-38:40
109            android:name="com.google.android.gms.measurement.AppMeasurementService"
109-->[com.google.android.gms:play-services-measurement:17.4.4] AndroidManifest.xml:36:13-84
110            android:enabled="true"
110-->[com.google.android.gms:play-services-measurement:17.4.4] AndroidManifest.xml:37:13-35
111            android:exported="false" />
111-->[com.google.android.gms:play-services-measurement:17.4.4] AndroidManifest.xml:38:13-37
112        <service
112-->[com.google.android.gms:play-services-measurement:17.4.4] AndroidManifest.xml:39:9-43:72
113            android:name="com.google.android.gms.measurement.AppMeasurementJobService"
113-->[com.google.android.gms:play-services-measurement:17.4.4] AndroidManifest.xml:40:13-87
114            android:enabled="true"
114-->[com.google.android.gms:play-services-measurement:17.4.4] AndroidManifest.xml:41:13-35
115            android:exported="false"
115-->[com.google.android.gms:play-services-measurement:17.4.4] AndroidManifest.xml:42:13-37
116            android:permission="android.permission.BIND_JOB_SERVICE" />
116-->[com.google.android.gms:play-services-measurement:17.4.4] AndroidManifest.xml:43:13-69
117
118        <receiver
118-->[com.google.firebase:firebase-iid:20.2.3] AndroidManifest.xml:37:9-44:20
119            android:name="com.google.firebase.iid.FirebaseInstanceIdReceiver"
119-->[com.google.firebase:firebase-iid:20.2.3] AndroidManifest.xml:38:13-78
120            android:exported="true"
120-->[com.google.firebase:firebase-iid:20.2.3] AndroidManifest.xml:39:13-36
121            android:permission="com.google.android.c2dm.permission.SEND" >
121-->[com.google.firebase:firebase-iid:20.2.3] AndroidManifest.xml:40:13-73
122            <intent-filter>
122-->[com.google.firebase:firebase-iid:20.2.3] AndroidManifest.xml:41:13-43:29
123                <action android:name="com.google.android.c2dm.intent.RECEIVE" />
123-->[com.google.firebase:firebase-iid:20.2.3] AndroidManifest.xml:42:17-81
123-->[com.google.firebase:firebase-iid:20.2.3] AndroidManifest.xml:42:25-78
124            </intent-filter>
125        </receiver>
126
127        <provider
127-->[com.google.firebase:firebase-common:19.3.0] AndroidManifest.xml:26:9-30:39
128            android:name="com.google.firebase.provider.FirebaseInitProvider"
128-->[com.google.firebase:firebase-common:19.3.0] AndroidManifest.xml:27:13-77
129            android:authorities="com.ms.playstop.firebaseinitprovider"
129-->[com.google.firebase:firebase-common:19.3.0] AndroidManifest.xml:28:13-72
130            android:exported="false"
130-->[com.google.firebase:firebase-common:19.3.0] AndroidManifest.xml:29:13-37
131            android:initOrder="100" />
131-->[com.google.firebase:firebase-common:19.3.0] AndroidManifest.xml:30:13-36
132
133        <activity
133-->[com.google.android.gms:play-services-base:17.0.0] AndroidManifest.xml:23:9-26:75
134            android:name="com.google.android.gms.common.api.GoogleApiActivity"
134-->[com.google.android.gms:play-services-base:17.0.0] AndroidManifest.xml:24:13-79
135            android:exported="false"
135-->[com.google.android.gms:play-services-base:17.0.0] AndroidManifest.xml:25:13-37
136            android:theme="@android:style/Theme.Translucent.NoTitleBar" />
136-->[com.google.android.gms:play-services-base:17.0.0] AndroidManifest.xml:26:13-72
137
138        <meta-data
138-->[com.google.android.gms:play-services-basement:17.0.0] AndroidManifest.xml:23:9-25:69
139            android:name="com.google.android.gms.version"
139-->[com.google.android.gms:play-services-basement:17.0.0] AndroidManifest.xml:24:13-58
140            android:value="@integer/google_play_services_version" />
140-->[com.google.android.gms:play-services-basement:17.0.0] AndroidManifest.xml:25:13-66
141
142        <provider
142-->[androidx.lifecycle:lifecycle-process:2.2.0] AndroidManifest.xml:25:9-29:43
143            android:name="androidx.lifecycle.ProcessLifecycleOwnerInitializer"
143-->[androidx.lifecycle:lifecycle-process:2.2.0] AndroidManifest.xml:26:13-79
144            android:authorities="com.ms.playstop.lifecycle-process"
144-->[androidx.lifecycle:lifecycle-process:2.2.0] AndroidManifest.xml:27:13-69
145            android:exported="false"
145-->[androidx.lifecycle:lifecycle-process:2.2.0] AndroidManifest.xml:28:13-37
146            android:multiprocess="true" />
146-->[androidx.lifecycle:lifecycle-process:2.2.0] AndroidManifest.xml:29:13-40
147
148        <service
148-->[com.google.android.datatransport:transport-backend-cct:2.3.0] AndroidManifest.xml:29:9-35:19
149            android:name="com.google.android.datatransport.runtime.backends.TransportBackendDiscovery"
149-->[com.google.android.datatransport:transport-backend-cct:2.3.0] AndroidManifest.xml:30:13-103
150            android:exported="false" >
150-->[com.google.android.datatransport:transport-backend-cct:2.3.0] AndroidManifest.xml:31:13-37
151            <meta-data
151-->[com.google.android.datatransport:transport-backend-cct:2.3.0] AndroidManifest.xml:32:13-34:39
152                android:name="backend:com.google.android.datatransport.cct.CctBackendFactory"
152-->[com.google.android.datatransport:transport-backend-cct:2.3.0] AndroidManifest.xml:33:17-94
153                android:value="cct" />
153-->[com.google.android.datatransport:transport-backend-cct:2.3.0] AndroidManifest.xml:34:17-36
154        </service>
155        <service
155-->[com.google.android.datatransport:transport-runtime:2.2.3] AndroidManifest.xml:26:9-30:19
156            android:name="com.google.android.datatransport.runtime.scheduling.jobscheduling.JobInfoSchedulerService"
156-->[com.google.android.datatransport:transport-runtime:2.2.3] AndroidManifest.xml:27:13-117
157            android:exported="false"
157-->[com.google.android.datatransport:transport-runtime:2.2.3] AndroidManifest.xml:28:13-37
158            android:permission="android.permission.BIND_JOB_SERVICE" >
158-->[com.google.android.datatransport:transport-runtime:2.2.3] AndroidManifest.xml:29:13-69
159        </service>
160
161        <receiver
161-->[com.google.android.datatransport:transport-runtime:2.2.3] AndroidManifest.xml:32:9-34:40
162            android:name="com.google.android.datatransport.runtime.scheduling.jobscheduling.AlarmManagerSchedulerBroadcastReceiver"
162-->[com.google.android.datatransport:transport-runtime:2.2.3] AndroidManifest.xml:33:13-132
163            android:exported="false" /> <!-- The activities will be merged into the manifest of the hosting app. -->
163-->[com.google.android.datatransport:transport-runtime:2.2.3] AndroidManifest.xml:34:13-37
164        <activity
164-->[com.google.android.play:core:1.7.2] AndroidManifest.xml:12:5-271
165            android:name="com.google.android.play.core.missingsplits.PlayCoreMissingSplitsActivity"
165-->[com.google.android.play:core:1.7.2] AndroidManifest.xml:12:15-102
166            android:enabled="false"
166-->[com.google.android.play:core:1.7.2] AndroidManifest.xml:12:103-126
167            android:exported="false"
167-->[com.google.android.play:core:1.7.2] AndroidManifest.xml:12:127-151
168            android:launchMode="singleInstance"
168-->[com.google.android.play:core:1.7.2] AndroidManifest.xml:12:204-239
169            android:process=":playcore_missing_splits_activity"
169-->[com.google.android.play:core:1.7.2] AndroidManifest.xml:12:152-203
170            android:stateNotNeeded="true" />
170-->[com.google.android.play:core:1.7.2] AndroidManifest.xml:12:240-269
171        <activity
171-->[com.google.android.play:core:1.7.2] AndroidManifest.xml:13:5-226
172            android:name="com.google.android.play.core.common.PlayCoreDialogWrapperActivity"
172-->[com.google.android.play:core:1.7.2] AndroidManifest.xml:13:15-95
173            android:enabled="false"
173-->[com.google.android.play:core:1.7.2] AndroidManifest.xml:13:96-119
174            android:exported="false"
174-->[com.google.android.play:core:1.7.2] AndroidManifest.xml:13:120-144
175            android:stateNotNeeded="true"
175-->[com.google.android.play:core:1.7.2] AndroidManifest.xml:13:145-174
176            android:theme="@style/Theme.PlayCore.Transparent" /> <!-- The service will be merged into the manifest of the hosting app. -->
176-->[com.google.android.play:core:1.7.2] AndroidManifest.xml:13:175-224
177        <service
177-->[com.google.android.play:core:1.7.2] AndroidManifest.xml:16:5-145
178            android:name="com.google.android.play.core.assetpacks.AssetPackExtractionService"
178-->[com.google.android.play:core:1.7.2] AndroidManifest.xml:16:14-95
179            android:enabled="false"
179-->[com.google.android.play:core:1.7.2] AndroidManifest.xml:16:96-119
180            android:exported="true" />
180-->[com.google.android.play:core:1.7.2] AndroidManifest.xml:16:120-143
181    </application>
182
183</manifest>